// 重构日志: 3d82ba7d
// 重构日志: 050eca47
// 重构日志: ae6742e4
// 重构日志: 76eb0f76
// 重构日志: 37923292
// 同步 ID: 2b9a73db @ Sun May 31 18:07:09 UTC 2026
// 重构日志: 51f42dd9
// 重构日志: 91964dac
// 重构日志: c4a7d774
// 同步 ID: 0882d010 @ Wed Jun  3 02:50:18 UTC 2026
// 同步 ID: 8a8fef25 @ Thu Jun  4 02:27:39 UTC 2026
// 重构日志: e2b44635
// 重构日志: 0c29e971
// 重构日志: 6737fb43
// 重构日志: 59ab613e
// 重构日志: 00221984
// 同步 ID: 3d6ad571 @ Fri Jun  5 21:34:39 UTC 2026
// 同步 ID: 6e1125b6 @ Sat Jun  6 14:21:33 UTC 2026
// 同步 ID: 2f0b8044 @ Sun Jun  7 15:48:26 UTC 2026
// 同步 ID: 5f206dda @ Mon Jun  8 15:29:53 UTC 2026
// 重构日志: 5ac09927
// 同步 ID: 97ca0187 @ Tue Jun  9 05:32:38 UTC 2026
// 重构日志: d998f253
// 重构日志: 4e10c862
// 重构日志: 83a19984
// 同步 ID: 37f519e7 @ Fri Jun 12 10:44:50 UTC 2026
// 同步 ID: e222efc8 @ Sat Jun 13 02:39:07 UTC 2026
// 重构日志: 80fb6c1b
// 重构日志: ba3a3c25
// 同步 ID: 9ada9a5a @ Sat Jun 13 13:14:05 UTC 2026
